<?xml version="1.0" encoding="UTF-8"?>
<!-- Generated by org.testng.reporters.JUnitXMLReporter -->
<testsuite ignored="0" hostname="RHARISHs-MacBook-Air.local" failures="0" tests="5" name="Default test" time="46.711" errors="0" timestamp="2022-11-26T23:41:24 IST">
  <testcase classname="com.TestNg.CowinTestNG" name="selectState" time="6.322"/>
  <testcase classname="com.TestNg.CowinTestNG" name="selectDistrict" time="4.236"/>
  <testcase classname="com.TestNg.CowinTestNG" name="clickButton" time="6.241"/>
  <testcase classname="com.TestNg.CowinTestNG" name="search" time="6.982"/>
  <testcase classname="com.TestNg.CowinTestNG" name="hospitalCount" time="3.308"/>
</testsuite> <!-- Default test -->
